2025-05-11T13:49:24.880107+05:30 NBRUHHQ100 systemd[1]: rsyslog.service: Sent signal SIGHUP to main process 75112 (rsyslogd) on client request.
2025-05-11T13:49:24.970609+05:30 NBRUHHQ100 kernel: i8042: Can't reactivate AUX port
2025-05-11T13:49:24.975281+05:30 NBRUHHQ100 systemd[119504]: snap.prompting-client.daemon.service: Main process exited, code=exited, status=1/FAILURE
2025-05-11T13:49:24.979774+05:30 NBRUHHQ100 systemd[1]: logrotate.service: Deactivated successfully.
2025-05-11T13:49:24.979877+05:30 NBRUHHQ100 systemd[119504]: snap.prompting-client.daemon.service: Failed with result 'exit-code'.
2025-05-11T13:49:24.979976+05:30 NBRUHHQ100 systemd[1]: Finished logrotate.service - Rotate log files.
2025-05-11T13:49:24.987607+05:30 NBRUHHQ100 kernel: wlp1s0: Limiting TX power to 27 (27 - 0) dBm as advertised by e4:47:b3:90:b2:7c
2025-05-11T13:49:24.988908+05:30 NBRUHHQ100 wpa_supplicant[1229]: wlp1s0: WPA: Key negotiation completed with e4:47:b3:90:b2:7c [PTK=CCMP GTK=TKIP]
2025-05-11T13:49:24.989057+05:30 NBRUHHQ100 systemd[119504]: snap.snapd-desktop-integration.snapd-desktop-integration.service: Main process exited, code=exited, status=1/FAILURE
2025-05-11T13:49:24.989163+05:30 NBRUHHQ100 wpa_supplicant[1229]: wlp1s0: CTRL-EVENT-CONNECTED - Connection to e4:47:b3:90:b2:7c completed [id=0 id_str=]
2025-05-11T13:49:24.990619+05:30 NBRUHHQ100 wpa_supplicant[1229]: wlp1s0: CTRL-EVENT-BEACON-LOSS 
2025-05-11T13:49:24.990851+05:30 NBRUHHQ100 systemd[119504]: snap.snapd-desktop-integration.snapd-desktop-integration.service: Failed with result 'exit-code'.
2025-05-11T13:49:24.999936+05:30 NBRUHHQ100 NetworkManager[1226]: <info>  [1746951564.9955] device (wlp1s0): supplicant interface state: 4way_handshake -> completed
2025-05-11T13:49:25.000089+05:30 NBRUHHQ100 NetworkManager[1226]: <info>  [1746951564.9956] device (wlp1s0): Activation: (wifi) Stage 2 of 5 (Device Configure) successful. Connected to wireless network "No-Internet"
2025-05-11T13:49:25.000183+05:30 NBRUHHQ100 NetworkManager[1226]: <info>  [1746951564.9956] device (p2p-dev-wlp1s0): supplicant management interface state: 4way_handshake -> completed
2025-05-11T13:49:25.000277+05:30 NBRUHHQ100 NetworkManager[1226]: <info>  [1746951564.9958] device (wlp1s0): state change: config -> ip-config (reason 'none', sys-iface-state: 'managed')
2025-05-11T13:49:25.000359+05:30 NBRUHHQ100 NetworkManager[1226]: <info>  [1746951564.9971] dhcp4 (wlp1s0): activation: beginning transaction (timeout in 45 seconds)
2025-05-11T13:49:25.002965+05:30 NBRUHHQ100 avahi-daemon[1103]: Joining mDNS multicast group on interface wlp1s0.IPv6 with address fe80::e13f:f1e6:76b6:2a13.
2025-05-11T13:49:25.007535+05:30 NBRUHHQ100 avahi-daemon[1103]: New relevant interface wlp1s0.IPv6 for mDNS.
2025-05-11T13:49:25.009738+05:30 NBRUHHQ100 avahi-daemon[1103]: Registering new address record for fe80::e13f:f1e6:76b6:2a13 on wlp1s0.*.
2025-05-11T13:49:25.039983+05:30 NBRUHHQ100 wpa_supplicant[1229]: wlp1s0: CTRL-EVENT-SIGNAL-CHANGE above=1 signal=-64 noise=-95 txrate=1000
2025-05-11T13:49:25.045907+05:30 NBRUHHQ100 NetworkManager[1226]: <info>  [1746951565.0455] dhcp4 (wlp1s0): state changed new lease, address=192.168.1.7, acd pending
2025-05-11T13:49:25.069229+05:30 NBRUHHQ100 wireplumber[119547]: wp-state: <WpState:0x5d7fa82da620> could not save stream-properties: Failed to create file “/nonexistent/.local/state/wireplumber/stream-properties.LKVE62”: No such file or directory
2025-05-11T13:49:25.201915+05:30 NBRUHHQ100 dbus-daemon[1105]: [system] Successfully activated service 'net.reactivated.Fprint'
2025-05-11T13:49:25.202214+05:30 NBRUHHQ100 systemd[1]: Started fprintd.service - Fingerprint Authentication Daemon.
2025-05-11T13:49:25.214782+05:30 NBRUHHQ100 NetworkManager[1226]: <info>  [1746951565.2146] dhcp4 (wlp1s0): state changed new lease, address=192.168.1.7
2025-05-11T13:49:25.215783+05:30 NBRUHHQ100 NetworkManager[1226]: <info>  [1746951565.2154] policy: set 'No-Internet 1' (wlp1s0) as default for IPv4 routing and DNS
2025-05-11T13:49:25.216820+05:30 NBRUHHQ100 avahi-daemon[1103]: Joining mDNS multicast group on interface wlp1s0.IPv4 with address 192.168.1.7.
2025-05-11T13:49:25.217234+05:30 NBRUHHQ100 avahi-daemon[1103]: New relevant interface wlp1s0.IPv4 for mDNS.
2025-05-11T13:49:25.217387+05:30 NBRUHHQ100 avahi-daemon[1103]: Registering new address record for 192.168.1.7 on wlp1s0.IPv4.
2025-05-11T13:49:25.226523+05:30 NBRUHHQ100 dbus-daemon[1105]: [system] Activating via systemd: service name='org.freedesktop.nm_dispatcher' unit='dbus-org.freedesktop.nm-dispatcher.service' requested by ':1.16' (uid=0 pid=1226 comm="/usr/sbin/NetworkManager --no-daemon" label="unconfined")
2025-05-11T13:49:25.234528+05:30 NBRUHHQ100 systemd[1]: Starting NetworkManager-dispatcher.service - Network Manager Script Dispatcher Service...
2025-05-11T13:49:25.236730+05:30 NBRUHHQ100 systemd-resolved[1091]: wlp1s0: Bus client set default route setting: yes
2025-05-11T13:49:25.242968+05:30 NBRUHHQ100 systemd-resolved[1091]: wlp1s0: Bus client set DNS server list to: 8.8.8.8, 4.2.2.2
2025-05-11T13:49:25.266503+05:30 NBRUHHQ100 dbus-daemon[1105]: [system] Successfully activated service 'org.freedesktop.nm_dispatcher'
2025-05-11T13:49:25.267920+05:30 NBRUHHQ100 systemd[1]: Started NetworkManager-dispatcher.service - Network Manager Script Dispatcher Service.
2025-05-11T13:49:25.281723+05:30 NBRUHHQ100 NetworkManager[1226]: <info>  [1746951565.2801] device (wlp1s0): state change: ip-config -> ip-check (reason 'none', sys-iface-state: 'managed')
2025-05-11T13:49:25.295121+05:30 NBRUHHQ100 NetworkManager[1226]: <info>  [1746951565.2949] device (wlp1s0): state change: ip-check -> secondaries (reason 'none', sys-iface-state: 'managed')
2025-05-11T13:49:25.296683+05:30 NBRUHHQ100 NetworkManager[1226]: <info>  [1746951565.2956] device (wlp1s0): state change: secondaries -> activated (reason 'none', sys-iface-state: 'managed')
2025-05-11T13:49:25.296838+05:30 NBRUHHQ100 NetworkManager[1226]: <info>  [1746951565.2960] manager: NetworkManager state is now CONNECTED_SITE
2025-05-11T13:49:25.297384+05:30 NBRUHHQ100 NetworkManager[1226]: <info>  [1746951565.2972] device (wlp1s0): Activation: successful, device activated.
2025-05-11T13:49:25.654009+05:30 NBRUHHQ100 NetworkManager[1226]: <info>  [1746951565.6539] manager: NetworkManager state is now CONNECTED_GLOBAL
2025-05-11T13:49:25.670614+05:30 NBRUHHQ100 kernel: psmouse serio1: synaptics: queried max coordinates: x [..5682], y [..4770]
2025-05-11T13:49:25.697634+05:30 NBRUHHQ100 kernel: psmouse serio1: synaptics: queried min coordinates: x [1260..], y [1082..]
2025-05-11T13:49:25.697705+05:30 NBRUHHQ100 kernel: psmouse serio1: synaptics: Your touchpad (PNP: SYN2704 SYN2700 SYN0002 PNP0f13) says it can support a different bus. If i2c-hid and hid-rmi are not used, you might want to try setting psmouse.synaptics_intertouch to 1 and report this to linux-input@vger.kernel.org.
2025-05-11T13:49:25.750336+05:30 NBRUHHQ100 kernel: psmouse serio1: synaptics: Touchpad model: 1, fw: 8.1, id: 0x1e2b1, caps: 0xd00123/0x840300/0x127c00/0x0, board id: 1999, fw id: 1106483
2025-05-11T13:49:25.783612+05:30 NBRUHHQ100 kernel: input: SynPS/2 Synaptics TouchPad as /devices/platform/i8042/serio1/input/input130
2025-05-11T13:49:26.523620+05:30 NBRUHHQ100 kernel: psmouse serio1: synaptics: queried max coordinates: x [..5682], y [..4770]
2025-05-11T13:49:26.547620+05:30 NBRUHHQ100 kernel: psmouse serio1: synaptics: queried min coordinates: x [1260..], y [1082..]
2025-05-11T13:49:26.547726+05:30 NBRUHHQ100 kernel: psmouse serio1: synaptics: Your touchpad (PNP: SYN2704 SYN2700 SYN0002 PNP0f13) says it can support a different bus. If i2c-hid and hid-rmi are not used, you might want to try setting psmouse.synaptics_intertouch to 1 and report this to linux-input@vger.kernel.org.
2025-05-11T13:49:26.598620+05:30 NBRUHHQ100 kernel: psmouse serio1: synaptics: Touchpad model: 1, fw: 8.1, id: 0x1e2b1, caps: 0xd00123/0x840300/0x127c00/0x0, board id: 1999, fw id: 1106483
2025-05-11T13:49:26.632848+05:30 NBRUHHQ100 kernel: input: SynPS/2 Synaptics TouchPad as /devices/platform/i8042/serio1/input/input132
2025-05-11T13:49:26.645955+05:30 NBRUHHQ100 systemd[1]: Starting apt-news.service - Update APT News...
2025-05-11T13:49:26.649065+05:30 NBRUHHQ100 systemd[1]: Starting esm-cache.service - Update the local ESM caches...
2025-05-11T13:49:26.666948+05:30 NBRUHHQ100 gnome-shell[1952]: Could not open device /dev/input/event6: GDBus.Error:System.Error.ENODEV: No such device
2025-05-11T13:49:26.677794+05:30 NBRUHHQ100 systemd[1]: apt-news.service: Deactivated successfully.
2025-05-11T13:49:26.683054+05:30 NBRUHHQ100 systemd[1]: Finished apt-news.service - Update APT News.
2025-05-11T13:49:26.783036+05:30 NBRUHHQ100 systemd[1]: plocate-updatedb.service: Deactivated successfully.
2025-05-11T13:49:26.796380+05:30 NBRUHHQ100 systemd[1]: Finished plocate-updatedb.service - Update the plocate database.
2025-05-11T13:49:26.796509+05:30 NBRUHHQ100 systemd[1]: plocate-updatedb.service: Consumed 3.359s CPU time, 174M memory peak.
2025-05-11T13:49:26.873331+05:30 NBRUHHQ100 systemd[1]: esm-cache.service: Deactivated successfully.
2025-05-11T13:49:26.873811+05:30 NBRUHHQ100 systemd[1]: Finished esm-cache.service - Update the local ESM caches.
2025-05-11T13:49:27.031327+05:30 NBRUHHQ100 systemd[1]: man-db.service: Deactivated successfully.
2025-05-11T13:49:27.032422+05:30 NBRUHHQ100 systemd[1]: Finished man-db.service - Daily man-db regeneration.
2025-05-11T13:49:27.114012+05:30 NBRUHHQ100 NetworkManager[1226]: <info>  [1746951567.1107] dhcp6 (wlp1s0): activation: beginning transaction (timeout in 45 seconds)
2025-05-11T13:49:27.114180+05:30 NBRUHHQ100 NetworkManager[1226]: <info>  [1746951567.1115] policy: set 'No-Internet 1' (wlp1s0) as default for IPv6 routing and DNS
2025-05-11T13:49:27.121798+05:30 NBRUHHQ100 systemd-resolved[1091]: wlp1s0: Bus client set DNS server list to: 8.8.8.8, 4.2.2.2, fe80::1
2025-05-11T13:49:27.140972+05:30 NBRUHHQ100 NetworkManager[1226]: <info>  [1746951567.1408] dhcp6 (wlp1s0): state changed new lease
2025-05-11T13:49:27.370121+05:30 NBRUHHQ100 google-chrome.desktop[15963]: [15955:15985:0511/134927.369557:ERROR:google_apis/gcm/engine/registration_request.cc:291] Registration response error message: DEPRECATED_ENDPOINT
2025-05-11T13:49:27.458699+05:30 NBRUHHQ100 google-chrome.desktop[15963]: [15955:15985:0511/134927.456960:ERROR:google_apis/gcm/engine/registration_request.cc:291] Registration response error message: DEPRECATED_ENDPOINT
2025-05-11T13:49:27.539939+05:30 NBRUHHQ100 google-chrome.desktop[15963]: [15955:15985:0511/134927.539564:ERROR:google_apis/gcm/engine/registration_request.cc:291] Registration response error message: DEPRECATED_ENDPOINT
2025-05-11T13:49:28.213144+05:30 NBRUHHQ100 systemd[1]: session-c17.scope: Deactivated successfully.
2025-05-11T13:49:28.213285+05:30 NBRUHHQ100 systemd[1]: session-c17.scope: Consumed 3.344s CPU time, 3.6M memory peak.
2025-05-11T13:49:28.220629+05:30 NBRUHHQ100 kernel: audit: type=1400 audit(1746951568.217:408): apparmor="DENIED" operation="connect" class="file" profile="/usr/bin/wsdd" name="/run/uuidd/request" pid=11741 comm="python3" requested_mask="w" denied_mask="w" fsuid=1000 ouid=0
2025-05-11T13:49:28.392958+05:30 NBRUHHQ100 systemd[1]: locate.service: Deactivated successfully.
2025-05-11T13:49:28.393312+05:30 NBRUHHQ100 systemd[1]: Finished locate.service - Update GNU locate database.
2025-05-11T13:49:31.221804+05:30 NBRUHHQ100 kernel: audit: type=1400 audit(1746951571.218:409): apparmor="DENIED" operation="connect" class="file" profile="/usr/bin/wsdd" name="/run/uuidd/request" pid=11741 comm="python3" requested_mask="w" denied_mask="w" fsuid=1000 ouid=0
2025-05-11T13:49:31.502795+05:30 NBRUHHQ100 gnome-shell[1952]: Launching DING process
2025-05-11T13:49:31.510995+05:30 NBRUHHQ100 NetworkManager[1226]: <info>  [1746951571.5105] agent-manager: agent[531602eb7dc40e6b,:1.56/org.gnome.Shell.NetworkAgent/1000]: agent registered
2025-05-11T13:49:32.138859+05:30 NBRUHHQ100 dbus-daemon[1624]: [session uid=1000 pid=1624] Activating service name='org.gnome.Nautilus' requested by ':1.567' (uid=1000 pid=120036 comm="gjs /usr/share/gnome-shell/extensions/ding@rasters" label="unconfined")
2025-05-11T13:49:32.210143+05:30 NBRUHHQ100 nautilus[120060]: Connecting to org.freedesktop.Tracker3.Miner.Files
2025-05-11T13:49:32.213604+05:30 NBRUHHQ100 dbus-daemon[1624]: [session uid=1000 pid=1624] Successfully activated service 'org.gnome.Nautilus'
2025-05-11T13:49:32.307910+05:30 NBRUHHQ100 dbus-daemon[1105]: [system] Activating via systemd: service name='org.freedesktop.PackageKit' unit='packagekit.service' requested by ':1.1414' (uid=0 pid=120078 comm="/usr/bin/gdbus call --system --dest org.freedeskto" label="unconfined")
2025-05-11T13:49:32.315325+05:30 NBRUHHQ100 systemd[1]: Starting packagekit.service - PackageKit Daemon...
2025-05-11T13:49:32.340057+05:30 NBRUHHQ100 PackageKit: daemon start
2025-05-11T13:49:32.389366+05:30 NBRUHHQ100 dbus-daemon[1105]: [system] Successfully activated service 'org.freedesktop.PackageKit'
2025-05-11T13:49:32.389521+05:30 NBRUHHQ100 systemd[1]: Started packagekit.service - PackageKit Daemon.
2025-05-11T13:49:33.174959+05:30 NBRUHHQ100 gnome-shell[1952]: DING: Detected async api for thumbnails
2025-05-11T13:49:33.180043+05:30 NBRUHHQ100 gnome-shell[1952]: DING: (gjs:120036): Gjs-WARNING **: 13:49:32.471: GLib.unix_signal_add has been moved to a separate platform-specific library. Please update your code to use GLibUnix.signal_add instead.
2025-05-11T13:49:33.180168+05:30 NBRUHHQ100 gnome-shell[1952]: DING: 0 DesktopManager() ["/usr/share/gnome-shell/extensions/ding@rastersoft.com/app/desktopManager.js":264:13]
2025-05-11T13:49:33.180433+05:30 NBRUHHQ100 gnome-shell[1952]: DING: 1 anonymous() ["/usr/share/gnome-shell/extensions/ding@rastersoft.com/app/ding.js":180:26]
2025-05-11T13:49:33.180678+05:30 NBRUHHQ100 gnome-shell[1952]: DING: 2 anonymous() ["/usr/share/gnome-shell/extensions/ding@rastersoft.com/app/ding.js":197:21]
2025-05-11T13:49:33.180778+05:30 NBRUHHQ100 gnome-shell[1952]: DING: 3 <TOP LEVEL> ["/usr/share/gnome-shell/extensions/ding@rastersoft.com/app/ding.js":206:13]
2025-05-11T13:49:33.181002+05:30 NBRUHHQ100 gnome-shell[1952]: DING: DBus interface for Gvfs daemon (org.gtk.vfs.Metadata) is now available.
2025-05-11T13:49:33.182842+05:30 NBRUHHQ100 gnome-shell[1952]: DING: DBus interface for Switcheroo control (net.hadess.SwitcherooControl) is now available.
2025-05-11T13:49:33.182903+05:30 NBRUHHQ100 gnome-shell[1952]: DING: ** Message: 13:49:32.599: Connecting to org.freedesktop.Tracker3.Miner.Files
2025-05-11T13:49:33.304847+05:30 NBRUHHQ100 gnome-shell[1952]: Received notification for window. 1 notifications remaining.
2025-05-11T13:49:33.324439+05:30 NBRUHHQ100 gnome-shell[1952]: Received notification for window. 0 notifications remaining.
2025-05-11T13:49:33.481256+05:30 NBRUHHQ100 gnome-shell[1952]: Window manager warning: Overwriting existing binding of keysym 38 with keysym 38 (keycode 11).
2025-05-11T13:49:33.484715+05:30 NBRUHHQ100 gnome-shell[1952]: Window manager warning: Overwriting existing binding of keysym 36 with keysym 36 (keycode f).
2025-05-11T13:49:33.485642+05:30 NBRUHHQ100 gnome-shell[1952]: Window manager warning: Overwriting existing binding of keysym 32 with keysym 32 (keycode b).
2025-05-11T13:49:33.485797+05:30 NBRUHHQ100 gnome-shell[1952]: Window manager warning: Overwriting existing binding of keysym 31 with keysym 31 (keycode a).
2025-05-11T13:49:33.488762+05:30 NBRUHHQ100 gnome-shell[1952]: Window manager warning: Overwriting existing binding of keysym 33 with keysym 33 (keycode c).
2025-05-11T13:49:33.488928+05:30 NBRUHHQ100 gnome-shell[1952]: Window manager warning: Overwriting existing binding of keysym 34 with keysym 34 (keycode d).
2025-05-11T13:49:33.489112+05:30 NBRUHHQ100 gnome-shell[1952]: Window manager warning: Overwriting existing binding of keysym 35 with keysym 35 (keycode e).
2025-05-11T13:49:33.489239+05:30 NBRUHHQ100 gnome-shell[1952]: Window manager warning: Overwriting existing binding of keysym 31 with keysym 31 (keycode a).
2025-05-11T13:49:33.489352+05:30 NBRUHHQ100 gnome-shell[1952]: Window manager warning: Overwriting existing binding of keysym 32 with keysym 32 (keycode b).
2025-05-11T13:49:33.489462+05:30 NBRUHHQ100 gnome-shell[1952]: Window manager warning: Overwriting existing binding of keysym 33 with keysym 33 (keycode c).
2025-05-11T13:49:33.489594+05:30 NBRUHHQ100 gnome-shell[1952]: Window manager warning: Overwriting existing binding of keysym 37 with keysym 37 (keycode 10).
2025-05-11T13:49:33.489720+05:30 NBRUHHQ100 gnome-shell[1952]: Window manager warning: Overwriting existing binding of keysym 38 with keysym 38 (keycode 11).
2025-05-11T13:49:33.489836+05:30 NBRUHHQ100 gnome-shell[1952]: Window manager warning: Overwriting existing binding of keysym 34 with keysym 34 (keycode d).
2025-05-11T13:49:33.489889+05:30 NBRUHHQ100 gnome-shell[1952]: Window manager warning: Overwriting existing binding of keysym 39 with keysym 39 (keycode 12).
2025-05-11T13:49:33.489937+05:30 NBRUHHQ100 gnome-shell[1952]: Window manager warning: Overwriting existing binding of keysym 36 with keysym 36 (keycode f).
2025-05-11T13:49:33.489987+05:30 NBRUHHQ100 gnome-shell[1952]: Window manager warning: Overwriting existing binding of keysym 37 with keysym 37 (keycode 10).
2025-05-11T13:49:33.490036+05:30 NBRUHHQ100 gnome-shell[1952]: Window manager warning: Overwriting existing binding of keysym 35 with keysym 35 (keycode e).
2025-05-11T13:49:33.490085+05:30 NBRUHHQ100 gnome-shell[1952]: Window manager warning: Overwriting existing binding of keysym 39 with keysym 39 (keycode 12).
2025-05-11T13:49:33.819272+05:30 NBRUHHQ100 kernel: audit: type=1400 audit(1746951573.814:410): apparmor="DENIED" operation="connect" class="file" profile="/usr/bin/wsdd" name="/run/uuidd/request" pid=11741 comm="python3" requested_mask="w" denied_mask="w" fsuid=1000 ouid=0
2025-05-11T13:49:33.819329+05:30 NBRUHHQ100 kernel: audit: type=1400 audit(1746951573.817:411): apparmor="DENIED" operation="connect" class="file" profile="/usr/bin/wsdd" name="/run/uuidd/request" pid=11741 comm="python3" requested_mask="w" denied_mask="w" fsuid=1000 ouid=0
2025-05-11T13:49:33.987312+05:30 NBRUHHQ100 gnome-shell[1952]: DING: DBus interface for Nautilus (org.gnome.Nautilus.FileOperations2) is now available.
2025-05-11T13:49:33.987868+05:30 NBRUHHQ100 gnome-shell[1952]: DING: DBus interface for Nautilus (org.freedesktop.FileManager1) is now available.
2025-05-11T13:49:34.118698+05:30 NBRUHHQ100 gnome-shell[1952]: DING: GNOME nautilus 47.0
2025-05-11T13:49:35.279278+05:30 NBRUHHQ100 systemd[1]: NetworkManager-dispatcher.service: Deactivated successfully.
2025-05-11T13:49:38.276731+05:30 NBRUHHQ100 systemd[1]: Stopping user@65534.service - User Manager for UID 65534...
2025-05-11T13:49:38.283158+05:30 NBRUHHQ100 systemd[119504]: Activating special unit exit.target...
2025-05-11T13:49:38.286915+05:30 NBRUHHQ100 systemd[119504]: Stopped target default.target - Main User Target.
2025-05-11T13:49:38.293536+05:30 NBRUHHQ100 wireplumber[119547]: m-dbus-connection: <WpDBusConnection:0x5d7fa823d550> DBus connection closed: Underlying GIOStream returned 0 bytes on an async read
2025-05-11T13:49:38.296389+05:30 NBRUHHQ100 wireplumber[119547]: m-dbus-connection: <WpDBusConnection:0x5d7fa823d550> Trying to reconnect after core sync
2025-05-11T13:49:38.296553+05:30 NBRUHHQ100 systemd[119504]: Stopping dbus.service - D-Bus User Message Bus...
2025-05-11T13:49:38.296698+05:30 NBRUHHQ100 systemd[119504]: Stopping filter-chain.service - PipeWire filter chain daemon...
2025-05-11T13:49:38.296808+05:30 NBRUHHQ100 systemd[119504]: Stopping pipewire-pulse.service - PipeWire PulseAudio...
2025-05-11T13:49:38.297675+05:30 NBRUHHQ100 systemd[119504]: Stopping xdg-document-portal.service - flatpak document portal service...
2025-05-11T13:49:38.297824+05:30 NBRUHHQ100 systemd[119504]: Stopping xdg-permission-store.service - sandboxed app permission store...
2025-05-11T13:49:38.298878+05:30 NBRUHHQ100 systemd[119504]: Stopped dbus.service - D-Bus User Message Bus.
2025-05-11T13:49:38.299505+05:30 NBRUHHQ100 systemd[119504]: xdg-permission-store.service: Main process exited, code=exited, status=1/FAILURE
2025-05-11T13:49:38.299953+05:30 NBRUHHQ100 systemd[119504]: xdg-permission-store.service: Failed with result 'exit-code'.
2025-05-11T13:49:38.301440+05:30 NBRUHHQ100 systemd[119504]: Stopped xdg-permission-store.service - sandboxed app permission store.
2025-05-11T13:49:38.303863+05:30 NBRUHHQ100 systemd[119504]: Stopped filter-chain.service - PipeWire filter chain daemon.
2025-05-11T13:49:38.306257+05:30 NBRUHHQ100 systemd[119504]: Stopped pipewire-pulse.service - PipeWire PulseAudio.
2025-05-11T13:49:38.308108+05:30 NBRUHHQ100 systemd[119504]: Stopping wireplumber.service - Multimedia Service Session Manager...
2025-05-11T13:49:38.308979+05:30 NBRUHHQ100 wireplumber[119547]: wireplumber: stopped by signal: Terminated
2025-05-11T13:49:38.313146+05:30 NBRUHHQ100 wireplumber[119547]: wireplumber: disconnected from pipewire
2025-05-11T13:49:38.323524+05:30 NBRUHHQ100 systemd[119504]: Stopped wireplumber.service - Multimedia Service Session Manager.
2025-05-11T13:49:38.324116+05:30 NBRUHHQ100 systemd[119504]: Stopping pipewire.service - PipeWire Multimedia Service...
2025-05-11T13:49:38.337443+05:30 NBRUHHQ100 systemd[119504]: Stopped pipewire.service - PipeWire Multimedia Service.
2025-05-11T13:49:38.338058+05:30 NBRUHHQ100 systemd[119504]: xdg-document-portal.service: Main process exited, code=exited, status=20/n/a
2025-05-11T13:49:38.338418+05:30 NBRUHHQ100 systemd[119504]: xdg-document-portal.service: Failed with result 'exit-code'.
2025-05-11T13:49:38.339830+05:30 NBRUHHQ100 systemd[119504]: Stopped xdg-document-portal.service - flatpak document portal service.
2025-05-11T13:49:38.341166+05:30 NBRUHHQ100 systemd[119504]: Removed slice session.slice - User Core Session Slice.
2025-05-11T13:49:38.341656+05:30 NBRUHHQ100 systemd[119504]: Stopped target basic.target - Basic System.
2025-05-11T13:49:38.341781+05:30 NBRUHHQ100 systemd[119504]: Stopped target paths.target - Paths.
2025-05-11T13:49:38.341882+05:30 NBRUHHQ100 systemd[1]: run-user-65534-doc.mount: Deactivated successfully.
2025-05-11T13:49:38.345549+05:30 NBRUHHQ100 systemd[119504]: Stopped ubuntu-report.path - Pending report trigger for Ubuntu Report.
2025-05-11T13:49:38.345722+05:30 NBRUHHQ100 systemd[119504]: Stopped target sockets.target - Sockets.
2025-05-11T13:49:38.345824+05:30 NBRUHHQ100 systemd[119504]: Stopped target timers.target - Timers.
2025-05-11T13:49:38.345925+05:30 NBRUHHQ100 systemd[119504]: Stopped launchpadlib-cache-clean.timer - Clean up old files in the Launchpadlib cache.
2025-05-11T13:49:38.346040+05:30 NBRUHHQ100 systemd[119504]: Stopped snap.firmware-updater.firmware-notifier.timer - Timer firmware-notifier for snap application firmware-updater.firmware-notifier.
2025-05-11T13:49:38.346140+05:30 NBRUHHQ100 systemd[119504]: Closed dbus.socket - D-Bus User Message Bus Socket.
2025-05-11T13:49:38.346241+05:30 NBRUHHQ100 systemd[119504]: Closed dirmngr.socket - GnuPG network certificate management daemon.
2025-05-11T13:49:38.346356+05:30 NBRUHHQ100 systemd[119504]: Closed gcr-ssh-agent.socket - GCR ssh-agent wrapper.
2025-05-11T13:49:38.346459+05:30 NBRUHHQ100 systemd[119504]: Closed gnome-keyring-daemon.socket - GNOME Keyring daemon.
2025-05-11T13:49:38.346570+05:30 NBRUHHQ100 systemd[119504]: Closed gpg-agent-browser.socket - GnuPG cryptographic agent and passphrase cache (access for web browsers).
2025-05-11T13:49:38.348466+05:30 NBRUHHQ100 systemd[119504]: Closed gpg-agent-extra.socket - GnuPG cryptographic agent and passphrase cache (restricted).
2025-05-11T13:49:38.349084+05:30 NBRUHHQ100 systemd[119504]: Stopping gpg-agent-ssh.socket - GnuPG cryptographic agent (ssh-agent emulation)...
2025-05-11T13:49:38.349721+05:30 NBRUHHQ100 systemd[119504]: Closed gpg-agent.socket - GnuPG cryptographic agent and passphrase cache.
2025-05-11T13:49:38.350276+05:30 NBRUHHQ100 systemd[119504]: Closed keyboxd.socket - GnuPG public key management service.
2025-05-11T13:49:38.351031+05:30 NBRUHHQ100 systemd[119504]: Closed pipewire-pulse.socket - PipeWire PulseAudio.
2025-05-11T13:49:38.352352+05:30 NBRUHHQ100 systemd[119504]: Closed pipewire.socket - PipeWire Multimedia System Sockets.
2025-05-11T13:49:38.352455+05:30 NBRUHHQ100 systemd[119504]: Closed pk-debconf-helper.socket - debconf communication socket.
2025-05-11T13:49:38.352546+05:30 NBRUHHQ100 systemd[119504]: Closed snapd.session-agent.socket - REST API socket for snapd user session agent.
2025-05-11T13:49:38.353275+05:30 NBRUHHQ100 systemd[119504]: Closed speech-dispatcher.socket - Speech Dispatcher Socket.
2025-05-11T13:49:38.404337+05:30 NBRUHHQ100 systemd[119504]: Closed gpg-agent-ssh.socket - GnuPG cryptographic agent (ssh-agent emulation).
2025-05-11T13:49:38.406447+05:30 NBRUHHQ100 systemd[119504]: Removed slice app.slice - User Application Slice.
2025-05-11T13:49:38.406751+05:30 NBRUHHQ100 systemd[119504]: Reached target shutdown.target - Shutdown.
2025-05-11T13:49:38.406924+05:30 NBRUHHQ100 systemd[119504]: Finished systemd-exit.service - Exit the Session.
2025-05-11T13:49:38.407043+05:30 NBRUHHQ100 systemd[119504]: Reached target exit.target - Exit the Session.
2025-05-11T13:49:38.425669+05:30 NBRUHHQ100 systemd[1]: user@65534.service: Deactivated successfully.
2025-05-11T13:49:38.426685+05:30 NBRUHHQ100 systemd[1]: Stopped user@65534.service - User Manager for UID 65534.
2025-05-11T13:49:38.429258+05:30 NBRUHHQ100 systemd[1]: user@65534.service: Consumed 1.080s CPU time, 35.6M memory peak.
2025-05-11T13:49:38.432086+05:30 NBRUHHQ100 systemd[1]: Stopping user-runtime-dir@65534.service - User Runtime Directory /run/user/65534...
2025-05-11T13:49:38.465417+05:30 NBRUHHQ100 systemd[1]: run-user-65534.mount: Deactivated successfully.
2025-05-11T13:49:38.467383+05:30 NBRUHHQ100 systemd[1]: user-runtime-dir@65534.service: Deactivated successfully.
2025-05-11T13:49:38.468033+05:30 NBRUHHQ100 systemd[1]: Stopped user-runtime-dir@65534.service - User Runtime Directory /run/user/65534.
2025-05-11T13:49:38.471391+05:30 NBRUHHQ100 systemd[1]: Removed slice user-65534.slice - User Slice of UID 65534.
2025-05-11T13:49:38.471933+05:30 NBRUHHQ100 systemd[1]: user-65534.slice: Consumed 4.462s CPU time, 36.6M memory peak.
2025-05-11T13:49:49.661542+05:30 NBRUHHQ100 systemd[1]: apt-daily.service: Deactivated successfully.
2025-05-11T13:49:49.661834+05:30 NBRUHHQ100 systemd[1]: Finished apt-daily.service - Daily apt download activities.
2025-05-11T13:49:49.662189+05:30 NBRUHHQ100 systemd[1]: apt-daily.service: Consumed 12.521s CPU time, 226.4M memory peak.
2025-05-11T13:49:49.670410+05:30 NBRUHHQ100 systemd[1]: Starting apt-daily-upgrade.service - Daily apt upgrade and clean activities...
2025-05-11T13:49:50.095388+05:30 NBRUHHQ100 google-chrome.desktop[15963]: [15955:15985:0511/134950.094305:ERROR:google_apis/gcm/engine/registration_request.cc:291] Registration response error message: DEPRECATED_ENDPOINT
2025-05-11T13:49:53.491852+05:30 NBRUHHQ100 google-chrome.desktop[15963]: [15955:15985:0511/134953.491285:ERROR:google_apis/gcm/engine/registration_request.cc:291] Registration response error message: DEPRECATED_ENDPOINT
2025-05-11T13:49:53.655869+05:30 NBRUHHQ100 systemd[1]: apt-daily-upgrade.service: Deactivated successfully.
2025-05-11T13:49:53.656086+05:30 NBRUHHQ100 systemd[1]: Finished apt-daily-upgrade.service - Daily apt upgrade and clean activities.
2025-05-11T13:49:53.656498+05:30 NBRUHHQ100 systemd[1]: apt-daily-upgrade.service: Consumed 3.885s CPU time, 43.2M memory peak.
2025-05-11T13:49:55.897284+05:30 NBRUHHQ100 systemd[1]: fprintd.service: Deactivated successfully.
2025-05-11T13:49:57.439223+05:30 NBRUHHQ100 google-chrome.desktop[15963]: [15955:15985:0511/134957.438638:ERROR:google_apis/gcm/engine/registration_request.cc:291] Registration response error message: DEPRECATED_ENDPOINT
2025-05-11T13:50:04.767201+05:30 NBRUHHQ100 wpa_supplicant[1229]: wlp1s0: CTRL-EVENT-SIGNAL-CHANGE above=0 signal=-80 noise=-95 txrate=120000
2025-05-11T13:50:08.405109+05:30 NBRUHHQ100 wpa_supplicant[1229]: wlp1s0: CTRL-EVENT-SIGNAL-CHANGE above=1 signal=-65 noise=-95 txrate=1000
2025-05-11T13:50:20.532029+05:30 NBRUHHQ100 systemd[1]: Starting sysstat-collect.service - system activity accounting tool...
2025-05-11T13:50:20.575523+05:30 NBRUHHQ100 systemd[1]: sysstat-collect.service: Deactivated successfully.
2025-05-11T13:50:20.576249+05:30 NBRUHHQ100 systemd[1]: Finished sysstat-collect.service - system activity accounting tool.
2025-05-11T13:50:26.374027+05:30 NBRUHHQ100 wpa_supplicant[1229]: wlp1s0: CTRL-EVENT-SIGNAL-CHANGE above=1 signal=-61 noise=-95 txrate=121500
2025-05-11T13:50:29.343711+05:30 NBRUHHQ100 wpa_supplicant[1229]: wlp1s0: CTRL-EVENT-SIGNAL-CHANGE above=0 signal=-73 noise=-95 txrate=150000
2025-05-11T13:50:32.151677+05:30 NBRUHHQ100 rtkit-daemon[1669]: Supervising 1 threads of 1 processes of 1 users.
2025-05-11T13:50:32.152793+05:30 NBRUHHQ100 rtkit-daemon[1669]: Supervising 1 threads of 1 processes of 1 users.
2025-05-11T13:50:40.284263+05:30 NBRUHHQ100 google-chrome.desktop[15963]: [15955:15985:0511/135040.282159:ERROR:google_apis/gcm/engine/registration_request.cc:291] Registration response error message: DEPRECATED_ENDPOINT
2025-05-11T13:50:45.634136+05:30 NBRUHHQ100 google-chrome.desktop[15963]: [15955:15985:0511/135045.633284:ERROR:google_apis/gcm/engine/registration_request.cc:291] Registration response error message: DEPRECATED_ENDPOINT
2025-05-11T13:50:48.958064+05:30 NBRUHHQ100 google-chrome.desktop[15963]: [15955:15985:0511/135048.957027:ERROR:google_apis/gcm/engine/registration_request.cc:291] Registration response error message: DEPRECATED_ENDPOINT
2025-05-11T13:50:49.005245+05:30 NBRUHHQ100 wpa_supplicant[1229]: wlp1s0: CTRL-EVENT-SIGNAL-CHANGE above=0 signal=-77 noise=-95 txrate=120000
2025-05-11T13:51:04.979906+05:30 NBRUHHQ100 wpa_supplicant[1229]: wlp1s0: CTRL-EVENT-SIGNAL-CHANGE above=1 signal=-69 noise=-95 txrate=121500
2025-05-11T13:51:08.256754+05:30 NBRUHHQ100 wpa_supplicant[1229]: wlp1s0: CTRL-EVENT-SIGNAL-CHANGE above=0 signal=-78 noise=-95 txrate=121500
2025-05-11T13:51:13.172092+05:30 NBRUHHQ100 wpa_supplicant[1229]: wlp1s0: CTRL-EVENT-SIGNAL-CHANGE above=1 signal=-69 noise=-95 txrate=120000
2025-05-11T13:51:55.571773+05:30 NBRUHHQ100 gnome-shell[1952]: polkitAuthenticationAgent: Received 2 identities that can be used for authentication. Only considering one.
2025-05-11T13:51:59.687801+05:30 NBRUHHQ100 systemd[1]: Starting apache2.service - The Apache HTTP Server...
2025-05-11T13:51:59.728230+05:30 NBRUHHQ100 apachectl[120753]: AH00558: apache2: Could not reliably determine the server's fully qualified domain name, using 127.0.1.1. Set the 'ServerName' directive globally to suppress this message
2025-05-11T13:51:59.728448+05:30 NBRUHHQ100 apachectl[120753]: (98)Address already in use: AH00072: make_sock: could not bind to address [::]:80
2025-05-11T13:51:59.728502+05:30 NBRUHHQ100 apachectl[120753]: (98)Address already in use: AH00072: make_sock: could not bind to address 0.0.0.0:80
2025-05-11T13:51:59.728548+05:30 NBRUHHQ100 apachectl[120753]: no listening sockets available, shutting down
2025-05-11T13:51:59.728700+05:30 NBRUHHQ100 apachectl[120753]: AH00015: Unable to open logs
2025-05-11T13:51:59.740656+05:30 NBRUHHQ100 systemd[1]: apache2.service: Control process exited, code=exited, status=1/FAILURE
2025-05-11T13:51:59.741208+05:30 NBRUHHQ100 systemd[1]: apache2.service: Failed with result 'exit-code'.
2025-05-11T13:51:59.741991+05:30 NBRUHHQ100 systemd[1]: Failed to start apache2.service - The Apache HTTP Server.
2025-05-11T13:52:18.727452+05:30 NBRUHHQ100 google-chrome.desktop[15963]: [15955:15985:0511/135218.726342:ERROR:google_apis/gcm/engine/registration_request.cc:291] Registration response error message: DEPRECATED_ENDPOINT
2025-05-11T13:52:26.878565+05:30 NBRUHHQ100 google-chrome.desktop[15963]: [15955:15985:0511/135226.877374:ERROR:google_apis/gcm/engine/registration_request.cc:291] Registration response error message: DEPRECATED_ENDPOINT
2025-05-11T13:52:36.068411+05:30 NBRUHHQ100 rtkit-daemon[1669]: Supervising 1 threads of 1 processes of 1 users.
2025-05-11T13:52:36.069550+05:30 NBRUHHQ100 rtkit-daemon[1669]: Supervising 1 threads of 1 processes of 1 users.
2025-05-11T13:52:47.201166+05:30 NBRUHHQ100 google-chrome.desktop[15963]: [15955:15985:0511/135247.200694:ERROR:google_apis/gcm/engine/registration_request.cc:291] Registration response error message: DEPRECATED_ENDPOINT
2025-05-11T13:52:57.129105+05:30 NBRUHHQ100 snapd[1131]: storehelpers.go:916: cannot refresh: snap has no updates available: "bare", "core22", "core24", "curl", "desktop-security-center", "firefox", "firmware-updater", "gnome-42-2204", "gtk-common-themes", "prompting-client", "snap-store", "snapd", "snapd-desktop-integration"
2025-05-11T13:52:57.315833+05:30 NBRUHHQ100 wpa_supplicant[1229]: wlp1s0: CTRL-EVENT-SIGNAL-CHANGE above=1 signal=-63 noise=-95 txrate=135000
2025-05-11T13:53:01.411416+05:30 NBRUHHQ100 wpa_supplicant[1229]: wlp1s0: CTRL-EVENT-SIGNAL-CHANGE above=0 signal=-74 noise=-95 txrate=135000
2025-05-11T13:53:05.116640+05:30 NBRUHHQ100 wpa_supplicant[1229]: wlp1s0: CTRL-EVENT-SIGNAL-CHANGE above=1 signal=-63 noise=-95 txrate=1000
2025-05-11T13:53:07.863163+05:30 NBRUHHQ100 wpa_supplicant[1229]: wlp1s0: CTRL-EVENT-SIGNAL-CHANGE above=0 signal=-73 noise=-95 txrate=120000
2025-05-11T13:53:37.149733+05:30 NBRUHHQ100 wpa_supplicant[1229]: wlp1s0: CTRL-EVENT-SIGNAL-CHANGE above=1 signal=-64 noise=-95 txrate=28900
2025-05-11T13:53:53.944778+05:30 NBRUHHQ100 wpa_supplicant[1229]: wlp1s0: CTRL-EVENT-SIGNAL-CHANGE above=0 signal=-73 noise=-95 txrate=135000
2025-05-11T13:54:14.833990+05:30 NBRUHHQ100 wpa_supplicant[1229]: wlp1s0: CTRL-EVENT-SIGNAL-CHANGE above=1 signal=-65 noise=-95 txrate=120000
2025-05-11T13:54:19.259237+05:30 NBRUHHQ100 anacron[119132]: Job `cron.daily' started
2025-05-11T13:54:19.265211+05:30 NBRUHHQ100 anacron[121045]: Updated timestamp for job `cron.daily' to 2025-05-11
2025-05-11T13:54:19.314936+05:30 NBRUHHQ100 anacron[119132]: Job `cron.daily' terminated
2025-05-11T13:54:19.315268+05:30 NBRUHHQ100 anacron[119132]: Normal exit (1 job run)
2025-05-11T13:54:19.316349+05:30 NBRUHHQ100 systemd[1]: anacron.service: Deactivated successfully.
2025-05-11T13:54:28.659654+05:30 NBRUHHQ100 wpa_supplicant[1229]: wlp1s0: CTRL-EVENT-SIGNAL-CHANGE above=0 signal=-74 noise=-95 txrate=15000
2025-05-11T13:54:33.983950+05:30 NBRUHHQ100 wpa_supplicant[1229]: wlp1s0: CTRL-EVENT-SIGNAL-CHANGE above=1 signal=-63 noise=-95 txrate=1000
2025-05-11T13:54:37.869486+05:30 NBRUHHQ100 PackageKit: daemon quit
2025-05-11T13:54:37.875218+05:30 NBRUHHQ100 systemd[1]: packagekit.service: Deactivated successfully.
2025-05-11T13:55:01.104156+05:30 NBRUHHQ100 CRON[121124]: (root) CMD (command -v debian-sa1 > /dev/null && debian-sa1 1 1)
2025-05-11T13:55:22.830126+05:30 NBRUHHQ100 wpa_supplicant[1229]: wlp1s0: CTRL-EVENT-SIGNAL-CHANGE above=1 signal=-60 noise=-95 txrate=135000
2025-05-11T13:55:27.570828+05:30 NBRUHHQ100 google-chrome.desktop[15963]: [15955:15985:0511/135527.569803:ERROR:google_apis/gcm/engine/registration_request.cc:291] Registration response error message: DEPRECATED_ENDPOINT
2025-05-11T13:55:38.667829+05:30 NBRUHHQ100 rtkit-daemon[1669]: Supervising 1 threads of 1 processes of 1 users.
2025-05-11T13:55:38.668160+05:30 NBRUHHQ100 rtkit-daemon[1669]: Supervising 1 threads of 1 processes of 1 users.
2025-05-11T13:55:52.019444+05:30 NBRUHHQ100 google-chrome.desktop[15963]: [15955:15985:0511/135552.018132:ERROR:google_apis/gcm/engine/registration_request.cc:291] Registration response error message: DEPRECATED_ENDPOINT
2025-05-11T13:55:53.242953+05:30 NBRUHHQ100 wpa_supplicant[1229]: wlp1s0: CTRL-EVENT-SIGNAL-CHANGE above=0 signal=-74 noise=-95 txrate=108000
2025-05-11T13:55:55.364672+05:30 NBRUHHQ100 google-chrome.desktop[15963]: [15955:15985:0511/135555.363823:ERROR:google_apis/gcm/engine/registration_request.cc:291] Registration response error message: DEPRECATED_ENDPOINT
2025-05-11T13:55:57.361111+05:30 NBRUHHQ100 wpa_supplicant[1229]: wlp1s0: CTRL-EVENT-SIGNAL-CHANGE above=1 signal=-68 noise=-95 txrate=1000
2025-05-11T13:55:59.183314+05:30 NBRUHHQ100 wpa_supplicant[1229]: wlp1s0: CTRL-EVENT-SIGNAL-CHANGE above=0 signal=-75 noise=-95 txrate=135000
2025-05-11T13:56:02.686578+05:30 NBRUHHQ100 wpa_supplicant[1229]: wlp1s0: CTRL-EVENT-SIGNAL-CHANGE above=0 signal=-74 noise=-95 txrate=1000
2025-05-11T13:56:05.327220+05:30 NBRUHHQ100 wpa_supplicant[1229]: wlp1s0: CTRL-EVENT-SIGNAL-CHANGE above=1 signal=-65 noise=-95 txrate=121500
2025-05-11T13:56:05.735890+05:30 NBRUHHQ100 wpa_supplicant[1229]: wlp1s0: CTRL-EVENT-SIGNAL-CHANGE above=1 signal=-61 noise=-95 txrate=121500
2025-05-11T13:56:09.729735+05:30 NBRUHHQ100 wpa_supplicant[1229]: wlp1s0: CTRL-EVENT-SIGNAL-CHANGE above=0 signal=-75 noise=-95 txrate=135000
2025-05-11T13:56:13.313994+05:30 NBRUHHQ100 wpa_supplicant[1229]: wlp1s0: CTRL-EVENT-SIGNAL-CHANGE above=1 signal=-61 noise=-95 txrate=1000
2025-05-11T13:56:19.765504+05:30 NBRUHHQ100 wpa_supplicant[1229]: wlp1s0: CTRL-EVENT-SIGNAL-CHANGE above=0 signal=-80 noise=-95 txrate=135000
2025-05-11T13:56:28.469311+05:30 NBRUHHQ100 wpa_supplicant[1229]: wlp1s0: CTRL-EVENT-SIGNAL-CHANGE above=1 signal=-66 noise=-95 txrate=150000
2025-05-11T13:56:28.981352+05:30 NBRUHHQ100 wpa_supplicant[1229]: wlp1s0: CTRL-EVENT-SIGNAL-CHANGE above=1 signal=-60 noise=-95 txrate=150000
2025-05-11T13:56:36.763879+05:30 NBRUHHQ100 wpa_supplicant[1229]: wlp1s0: CTRL-EVENT-SIGNAL-CHANGE above=0 signal=-74 noise=-95 txrate=150000
2025-05-11T13:56:40.253103+05:30 NBRUHHQ100 wpa_supplicant[1229]: wlp1s0: CTRL-EVENT-SIGNAL-CHANGE above=0 signal=-70 noise=-95 txrate=1000
2025-05-11T13:56:41.064920+05:30 NBRUHHQ100 wpa_supplicant[1229]: wlp1s0: CTRL-EVENT-SIGNAL-CHANGE above=0 signal=-79 noise=-95 txrate=150000
2025-05-11T13:56:51.407462+05:30 NBRUHHQ100 wpa_supplicant[1229]: wlp1s0: CTRL-EVENT-SIGNAL-CHANGE above=1 signal=-68 noise=-95 txrate=150000
2025-05-11T13:57:03.491104+05:30 NBRUHHQ100 wpa_supplicant[1229]: wlp1s0: CTRL-EVENT-SIGNAL-CHANGE above=0 signal=-78 noise=-95 txrate=120000
2025-05-11T13:57:10.660117+05:30 NBRUHHQ100 wpa_supplicant[1229]: wlp1s0: CTRL-EVENT-SIGNAL-CHANGE above=1 signal=-69 noise=-95 txrate=1000
2025-05-11T13:57:31.344523+05:30 NBRUHHQ100 wpa_supplicant[1229]: wlp1s0: CTRL-EVENT-SIGNAL-CHANGE above=0 signal=-75 noise=-95 txrate=135000
2025-05-11T13:57:41.073352+05:30 NBRUHHQ100 wpa_supplicant[1229]: wlp1s0: CTRL-EVENT-SIGNAL-CHANGE above=1 signal=-68 noise=-95 txrate=150000
2025-05-11T13:57:48.890143+05:30 NBRUHHQ100 systemd-resolved[1091]: Clock change detected. Flushing caches.
2025-05-11T13:57:48.891283+05:30 NBRUHHQ100 systemd-timesyncd[1092]: Contacted time server 91.189.91.157:123 (ntp.ubuntu.com).
2025-05-11T13:57:58.845385+05:30 NBRUHHQ100 wpa_supplicant[1229]: wlp1s0: CTRL-EVENT-SIGNAL-CHANGE above=0 signal=-75 noise=-95 txrate=135000
2025-05-11T13:58:02.708574+05:30 NBRUHHQ100 systemd-resolved[1091]: Using degraded feature set UDP instead of UDP+EDNS0 for DNS server fe80::1%3.
2025-05-11T13:58:07.753754+05:30 NBRUHHQ100 wpa_supplicant[1229]: wlp1s0: CTRL-EVENT-SIGNAL-CHANGE above=1 signal=-67 noise=-95 txrate=60000
2025-05-11T13:58:15.229138+05:30 NBRUHHQ100 wpa_supplicant[1229]: wlp1s0: CTRL-EVENT-SIGNAL-CHANGE above=1 signal=-63 noise=-95 txrate=150000
2025-05-11T13:58:17.482067+05:30 NBRUHHQ100 wpa_supplicant[1229]: wlp1s0: CTRL-EVENT-SIGNAL-CHANGE above=0 signal=-75 noise=-95 txrate=65000
2025-05-11T13:58:21.095067+05:30 NBRUHHQ100 wpa_supplicant[1229]: wlp1s0: CTRL-EVENT-SIGNAL-CHANGE above=1 signal=-66 noise=-95 txrate=1000
2025-05-11T13:58:28.034194+05:30 NBRUHHQ100 wpa_supplicant[1229]: wlp1s0: CTRL-EVENT-SIGNAL-CHANGE above=0 signal=-76 noise=-95 txrate=81000
2025-05-11T13:58:37.562831+05:30 NBRUHHQ100 wpa_supplicant[1229]: wlp1s0: CTRL-EVENT-SIGNAL-CHANGE above=0 signal=-79 noise=-95 txrate=121500
2025-05-11T13:58:39.099865+05:30 NBRUHHQ100 wpa_supplicant[1229]: wlp1s0: CTRL-EVENT-SIGNAL-CHANGE above=1 signal=-68 noise=-95 txrate=150000
2025-05-11T13:58:41.660372+05:30 NBRUHHQ100 wpa_supplicant[1229]: wlp1s0: CTRL-EVENT-SIGNAL-CHANGE above=0 signal=-75 noise=-95 txrate=135000
2025-05-11T13:58:46.167488+05:30 NBRUHHQ100 wpa_supplicant[1229]: wlp1s0: CTRL-EVENT-SIGNAL-CHANGE above=1 signal=-65 noise=-95 txrate=150000
2025-05-11T13:58:46.991956+05:30 NBRUHHQ100 wpa_supplicant[1229]: wlp1s0: CTRL-EVENT-SIGNAL-CHANGE above=0 signal=-76 noise=-95 txrate=135000
2025-05-11T13:58:50.981828+05:30 NBRUHHQ100 wpa_supplicant[1229]: wlp1s0: CTRL-EVENT-SIGNAL-CHANGE above=1 signal=-68 noise=-95 txrate=90000
2025-05-11T13:58:51.595654+05:30 NBRUHHQ100 wpa_supplicant[1229]: wlp1s0: CTRL-EVENT-SIGNAL-CHANGE above=0 signal=-78 noise=-95 txrate=150000
2025-05-11T13:58:56.102454+05:30 NBRUHHQ100 wpa_supplicant[1229]: wlp1s0: CTRL-EVENT-SIGNAL-CHANGE above=1 signal=-64 noise=-95 txrate=135000
2025-05-11T13:58:56.920831+05:30 NBRUHHQ100 wpa_supplicant[1229]: wlp1s0: CTRL-EVENT-SIGNAL-CHANGE above=0 signal=-76 noise=-95 txrate=135000
2025-05-11T13:59:00.403017+05:30 NBRUHHQ100 wpa_supplicant[1229]: wlp1s0: CTRL-EVENT-SIGNAL-CHANGE above=1 signal=-63 noise=-95 txrate=1000
2025-05-11T13:59:01.427197+05:30 NBRUHHQ100 wpa_supplicant[1229]: wlp1s0: CTRL-EVENT-SIGNAL-CHANGE above=1 signal=-61 noise=-95 txrate=121500
2025-05-11T13:59:04.705469+05:30 NBRUHHQ100 wpa_supplicant[1229]: wlp1s0: CTRL-EVENT-SIGNAL-CHANGE above=0 signal=-83 noise=-95 txrate=121500
2025-05-11T13:59:31.637012+05:30 NBRUHHQ100 wpa_supplicant[1229]: wlp1s0: CTRL-EVENT-SIGNAL-CHANGE above=1 signal=-66 noise=-95 txrate=135000
2025-05-11T13:59:40.441454+05:30 NBRUHHQ100 wpa_supplicant[1229]: wlp1s0: CTRL-EVENT-SIGNAL-CHANGE above=0 signal=-80 noise=-95 txrate=150000
2025-05-11T13:59:43.879826+05:30 NBRUHHQ100 wpa_supplicant[1229]: wlp1s0: CTRL-EVENT-SIGNAL-CHANGE above=0 signal=-72 noise=-95 txrate=1000
2025-05-11T13:59:52.217055+05:30 NBRUHHQ100 wpa_supplicant[1229]: wlp1s0: CTRL-EVENT-SIGNAL-CHANGE above=1 signal=-67 noise=-95 txrate=121500
2025-05-11T13:59:55.494041+05:30 NBRUHHQ100 wpa_supplicant[1229]: wlp1s0: CTRL-EVENT-SIGNAL-CHANGE above=0 signal=-75 noise=-95 txrate=135000
2025-05-11T13:59:59.693667+05:30 NBRUHHQ100 wpa_supplicant[1229]: wlp1s0: CTRL-EVENT-SIGNAL-CHANGE above=0 signal=-79 noise=-95 txrate=1000
2025-05-11T14:00:17.065781+05:30 NBRUHHQ100 systemd[1]: Starting sysstat-collect.service - system activity accounting tool...
2025-05-11T14:00:17.113672+05:30 NBRUHHQ100 systemd[1]: sysstat-collect.service: Deactivated successfully.
2025-05-11T14:00:17.114144+05:30 NBRUHHQ100 systemd[1]: Finished sysstat-collect.service - system activity accounting tool.
2025-05-11T14:00:33.235635+05:30 NBRUHHQ100 wpa_supplicant[1229]: wlp1s0: CTRL-EVENT-SIGNAL-CHANGE above=0 signal=-65 noise=-95 txrate=1000
2025-05-11T14:00:33.277595+05:30 NBRUHHQ100 wpa_supplicant[1229]: wlp1s0: CTRL-EVENT-SIGNAL-CHANGE above=1 signal=-65 noise=-95 txrate=1000
2025-05-11T14:00:36.409528+05:30 NBRUHHQ100 rtkit-daemon[1669]: Supervising 1 threads of 1 processes of 1 users.
2025-05-11T14:00:36.410863+05:30 NBRUHHQ100 rtkit-daemon[1669]: Supervising 1 threads of 1 processes of 1 users.
2025-05-11T14:01:21.098905+05:30 NBRUHHQ100 wpa_supplicant[1229]: wlp1s0: CTRL-EVENT-SIGNAL-CHANGE above=1 signal=-63 noise=-95 txrate=120000
2025-05-11T14:01:36.285139+05:30 NBRUHHQ100 google-chrome.desktop[15963]: [15955:15985:0511/140136.283826:ERROR:google_apis/gcm/engine/registration_request.cc:291] Registration response error message: DEPRECATED_ENDPOINT
2025-05-11T14:01:58.882190+05:30 NBRUHHQ100 wpa_supplicant[1229]: wlp1s0: CTRL-EVENT-SIGNAL-CHANGE above=1 signal=-58 noise=-95 txrate=120000
2025-05-11T14:02:11.782504+05:30 NBRUHHQ100 wpa_supplicant[1229]: wlp1s0: CTRL-EVENT-SIGNAL-CHANGE above=0 signal=-82 noise=-95 txrate=135000
2025-05-11T14:02:19.155687+05:30 NBRUHHQ100 wpa_supplicant[1229]: wlp1s0: CTRL-EVENT-SIGNAL-CHANGE above=1 signal=-67 noise=-95 txrate=150000
2025-05-11T14:02:30.932449+05:30 NBRUHHQ100 wpa_supplicant[1229]: wlp1s0: CTRL-EVENT-SIGNAL-CHANGE above=0 signal=-76 noise=-95 txrate=135000
2025-05-11T14:02:36.973026+05:30 NBRUHHQ100 wpa_supplicant[1229]: wlp1s0: CTRL-EVENT-SIGNAL-CHANGE above=1 signal=-65 noise=-95 txrate=135000
2025-05-11T14:02:41.066876+05:30 NBRUHHQ100 wpa_supplicant[1229]: wlp1s0: CTRL-EVENT-SIGNAL-CHANGE above=0 signal=-73 noise=-95 txrate=150000
2025-05-11T14:02:44.510284+05:30 NBRUHHQ100 wpa_supplicant[1229]: wlp1s0: CTRL-EVENT-SIGNAL-CHANGE above=1 signal=-67 noise=-95 txrate=1000
2025-05-11T14:02:45.572411+05:30 NBRUHHQ100 wpa_supplicant[1229]: wlp1s0: CTRL-EVENT-SIGNAL-CHANGE above=0 signal=-75 noise=-95 txrate=121500
2025-05-11T14:02:54.174164+05:30 NBRUHHQ100 wpa_supplicant[1229]: wlp1s0: CTRL-EVENT-SIGNAL-CHANGE above=1 signal=-67 noise=-95 txrate=135000
2025-05-11T14:03:12.832450+05:30 NBRUHHQ100 google-chrome.desktop[15963]: [15955:15985:0511/140312.830827:ERROR:google_apis/gcm/engine/registration_request.cc:291] Registration response error message: DEPRECATED_ENDPOINT
2025-05-11T14:03:13.222075+05:30 NBRUHHQ100 wpa_supplicant[1229]: wlp1s0: CTRL-EVENT-SIGNAL-CHANGE above=0 signal=-74 noise=-95 txrate=52000
2025-05-11T14:03:19.568594+05:30 NBRUHHQ100 wpa_supplicant[1229]: wlp1s0: CTRL-EVENT-SIGNAL-CHANGE above=1 signal=-67 noise=-95 txrate=121500
2025-05-11T14:03:21.105892+05:30 NBRUHHQ100 wpa_supplicant[1229]: wlp1s0: CTRL-EVENT-SIGNAL-CHANGE above=0 signal=-78 noise=-95 txrate=150000
2025-05-11T14:03:24.703555+05:30 NBRUHHQ100 wpa_supplicant[1229]: wlp1s0: CTRL-EVENT-SIGNAL-CHANGE above=1 signal=-70 noise=-95 txrate=1000
2025-05-11T14:03:30.831880+05:30 NBRUHHQ100 wpa_supplicant[1229]: wlp1s0: CTRL-EVENT-SIGNAL-CHANGE above=0 signal=-76 noise=-95 txrate=121500
2025-05-11T14:03:35.952586+05:30 NBRUHHQ100 wpa_supplicant[1229]: wlp1s0: CTRL-EVENT-SIGNAL-CHANGE above=1 signal=-68 noise=-95 txrate=150000
2025-05-11T14:03:36.975108+05:30 NBRUHHQ100 wpa_supplicant[1229]: wlp1s0: CTRL-EVENT-SIGNAL-CHANGE above=0 signal=-83 noise=-95 txrate=135000
2025-05-11T14:03:36.983445+05:30 NBRUHHQ100 rtkit-daemon[1669]: Supervising 1 threads of 1 processes of 1 users.
2025-05-11T14:03:36.983652+05:30 NBRUHHQ100 rtkit-daemon[1669]: Supervising 1 threads of 1 processes of 1 users.
2025-05-11T14:03:41.497634+05:30 NBRUHHQ100 wpa_supplicant[1229]: wlp1s0: CTRL-EVENT-SIGNAL-CHANGE above=1 signal=-64 noise=-95 txrate=1000
2025-05-11T14:03:45.969879+05:30 NBRUHHQ100 google-chrome.desktop[15963]: [15955:15985:0511/140345.968197:ERROR:google_apis/gcm/engine/registration_request.cc:291] Registration response error message: DEPRECATED_ENDPOINT
2025-05-11T14:04:03.394248+05:30 NBRUHHQ100 wpa_supplicant[1229]: wlp1s0: CTRL-EVENT-SIGNAL-CHANGE above=0 signal=-73 noise=-95 txrate=108000
2025-05-11T14:04:09.747185+05:30 NBRUHHQ100 wpa_supplicant[1229]: wlp1s0: CTRL-EVENT-SIGNAL-CHANGE above=1 signal=-65 noise=-95 txrate=120000
2025-05-11T14:04:11.489688+05:30 NBRUHHQ100 wpa_supplicant[1229]: wlp1s0: CTRL-EVENT-SIGNAL-CHANGE above=0 signal=-73 noise=-95 txrate=120000
2025-05-11T14:04:17.356384+05:30 NBRUHHQ100 rtkit-daemon[1669]: Supervising 1 threads of 1 processes of 1 users.
2025-05-11T14:04:17.356752+05:30 NBRUHHQ100 rtkit-daemon[1669]: Supervising 1 threads of 1 processes of 1 users.
2025-05-11T14:04:34.420786+05:30 NBRUHHQ100 wpa_supplicant[1229]: wlp1s0: CTRL-EVENT-SIGNAL-CHANGE above=1 signal=-66 noise=-95 txrate=150000
2025-05-11T14:04:57.153137+05:30 NBRUHHQ100 wpa_supplicant[1229]: wlp1s0: CTRL-EVENT-SIGNAL-CHANGE above=0 signal=-73 noise=-95 txrate=120000
2025-05-11T14:05:01.378554+05:30 NBRUHHQ100 wpa_supplicant[1229]: wlp1s0: CTRL-EVENT-SIGNAL-CHANGE above=1 signal=-71 noise=-95 txrate=1000
2025-05-11T14:05:01.913675+05:30 NBRUHHQ100 CRON[121754]: (root) CMD (command -v debian-sa1 > /dev/null && debian-sa1 1 1)
2025-05-11T14:05:04.832764+05:30 NBRUHHQ100 wpa_supplicant[1229]: wlp1s0: CTRL-EVENT-SIGNAL-CHANGE above=0 signal=-73 noise=-95 txrate=108000
2025-05-11T14:05:09.267118+05:30 NBRUHHQ100 wpa_supplicant[1229]: wlp1s0: CTRL-EVENT-SIGNAL-CHANGE above=1 signal=-67 noise=-95 txrate=1000
2025-05-11T14:05:11.590882+05:30 NBRUHHQ100 wpa_supplicant[1229]: wlp1s0: CTRL-EVENT-SIGNAL-CHANGE above=0 signal=-82 noise=-95 txrate=120000
2025-05-11T14:05:18.144867+05:30 NBRUHHQ100 wpa_supplicant[1229]: wlp1s0: CTRL-EVENT-SIGNAL-CHANGE above=1 signal=-68 noise=-95 txrate=135000
2025-05-11T14:06:15.428064+05:30 NBRUHHQ100 rtkit-daemon[1669]: Supervising 1 threads of 1 processes of 1 users.
2025-05-11T14:06:15.428383+05:30 NBRUHHQ100 rtkit-daemon[1669]: Supervising 1 threads of 1 processes of 1 users.
2025-05-11T14:06:33.408151+05:30 NBRUHHQ100 wpa_supplicant[1229]: wlp1s0: CTRL-EVENT-SIGNAL-CHANGE above=0 signal=-79 noise=-95 txrate=108000
2025-05-11T14:06:37.035844+05:30 NBRUHHQ100 wpa_supplicant[1229]: wlp1s0: CTRL-EVENT-SIGNAL-CHANGE above=0 signal=-76 noise=-95 txrate=1000
2025-05-11T14:06:38.731752+05:30 NBRUHHQ100 wpa_supplicant[1229]: wlp1s0: CTRL-EVENT-SIGNAL-CHANGE above=1 signal=-68 noise=-95 txrate=120000
2025-05-11T14:06:42.211706+05:30 NBRUHHQ100 wpa_supplicant[1229]: wlp1s0: CTRL-EVENT-SIGNAL-CHANGE above=0 signal=-75 noise=-95 txrate=108000
2025-05-11T14:06:46.922054+05:30 NBRUHHQ100 wpa_supplicant[1229]: wlp1s0: CTRL-EVENT-SIGNAL-CHANGE above=1 signal=-69 noise=-95 txrate=1000
2025-05-11T14:06:52.041850+05:30 NBRUHHQ100 wpa_supplicant[1229]: wlp1s0: CTRL-EVENT-SIGNAL-CHANGE above=0 signal=-75 noise=-95 txrate=121500
2025-05-11T14:06:55.637648+05:30 NBRUHHQ100 wpa_supplicant[1229]: wlp1s0: CTRL-EVENT-SIGNAL-CHANGE above=1 signal=-71 noise=-95 txrate=1000
2025-05-11T14:07:00.643356+05:30 NBRUHHQ100 wpa_supplicant[1229]: wlp1s0: CTRL-EVENT-SIGNAL-CHANGE above=0 signal=-77 noise=-95 txrate=150000
2025-05-11T14:07:04.229174+05:30 NBRUHHQ100 wpa_supplicant[1229]: wlp1s0: CTRL-EVENT-SIGNAL-CHANGE above=1 signal=-79 noise=-95 txrate=1000
2025-05-11T14:07:04.637611+05:30 NBRUHHQ100 wpa_supplicant[1229]: wlp1s0: CTRL-EVENT-SIGNAL-CHANGE above=0 signal=-77 noise=-95 txrate=135000
2025-05-11T14:07:11.804290+05:30 NBRUHHQ100 wpa_supplicant[1229]: wlp1s0: CTRL-EVENT-SIGNAL-CHANGE above=1 signal=-69 noise=-95 txrate=121500
2025-05-11T14:07:12.930651+05:30 NBRUHHQ100 wpa_supplicant[1229]: wlp1s0: CTRL-EVENT-SIGNAL-CHANGE above=0 signal=-78 noise=-95 txrate=135000
2025-05-11T14:07:16.517352+05:30 NBRUHHQ100 wpa_supplicant[1229]: wlp1s0: CTRL-EVENT-SIGNAL-CHANGE above=1 signal=-71 noise=-95 txrate=1000
2025-05-11T14:07:24.301355+05:30 NBRUHHQ100 wpa_supplicant[1229]: wlp1s0: CTRL-EVENT-SIGNAL-CHANGE above=0 signal=-83 noise=-95 txrate=81000
2025-05-11T14:07:27.880861+05:30 NBRUHHQ100 wpa_supplicant[1229]: wlp1s0: CTRL-EVENT-SIGNAL-CHANGE above=1 signal=-67 noise=-95 txrate=1000
2025-05-11T14:07:35.764751+05:30 NBRUHHQ100 wpa_supplicant[1229]: wlp1s0: CTRL-EVENT-SIGNAL-CHANGE above=0 signal=-72 noise=-95 txrate=150000
2025-05-11T14:07:39.510347+05:30 NBRUHHQ100 wpa_supplicant[1229]: wlp1s0: CTRL-EVENT-SIGNAL-CHANGE above=1 signal=-66 noise=-95 txrate=1000
2025-05-11T14:07:49.077531+05:30 NBRUHHQ100 wpa_supplicant[1229]: wlp1s0: CTRL-EVENT-SIGNAL-CHANGE above=0 signal=-75 noise=-95 txrate=121500
2025-05-11T14:07:52.670241+05:30 NBRUHHQ100 wpa_supplicant[1229]: wlp1s0: CTRL-EVENT-SIGNAL-CHANGE above=1 signal=-68 noise=-95 txrate=1000
2025-05-11T14:07:52.967283+05:30 NBRUHHQ100 wpa_supplicant[1229]: wlp1s0: CTRL-EVENT-SIGNAL-CHANGE above=0 signal=-74 noise=-95 txrate=52000
2025-05-11T14:07:57.064891+05:30 NBRUHHQ100 wpa_supplicant[1229]: wlp1s0: CTRL-EVENT-SIGNAL-CHANGE above=0 signal=-79 noise=-95 txrate=65000
2025-05-11T14:07:58.189530+05:30 NBRUHHQ100 wpa_supplicant[1229]: wlp1s0: CTRL-EVENT-SIGNAL-CHANGE above=1 signal=-69 noise=-95 txrate=135000
2025-05-11T14:08:01.057036+05:30 NBRUHHQ100 wpa_supplicant[1229]: wlp1s0: CTRL-EVENT-SIGNAL-CHANGE above=1 signal=-64 noise=-95 txrate=150000
2025-05-11T14:08:07.917711+05:30 NBRUHHQ100 wpa_supplicant[1229]: wlp1s0: CTRL-EVENT-SIGNAL-CHANGE above=0 signal=-73 noise=-95 txrate=135000
2025-05-11T14:08:12.526288+05:30 NBRUHHQ100 wpa_supplicant[1229]: wlp1s0: CTRL-EVENT-SIGNAL-CHANGE above=1 signal=-65 noise=-95 txrate=135000
2025-05-11T14:08:15.086512+05:30 NBRUHHQ100 wpa_supplicant[1229]: wlp1s0: CTRL-EVENT-SIGNAL-CHANGE above=1 signal=-61 noise=-95 txrate=150000
2025-05-11T14:08:22.561543+05:30 NBRUHHQ100 wpa_supplicant[1229]: wlp1s0: CTRL-EVENT-SIGNAL-CHANGE above=0 signal=-75 noise=-95 txrate=135000
2025-05-11T14:08:26.155891+05:30 NBRUHHQ100 wpa_supplicant[1229]: wlp1s0: CTRL-EVENT-SIGNAL-CHANGE above=1 signal=-66 noise=-95 txrate=1000
2025-05-11T14:08:26.962985+05:30 NBRUHHQ100 wpa_supplicant[1229]: wlp1s0: CTRL-EVENT-SIGNAL-CHANGE above=0 signal=-76 noise=-95 txrate=135000
2025-05-11T14:08:31.334247+05:30 NBRUHHQ100 wpa_supplicant[1229]: wlp1s0: CTRL-EVENT-SIGNAL-CHANGE above=0 signal=-70 noise=-95 txrate=1000
2025-05-11T14:08:34.848312+05:30 NBRUHHQ100 wpa_supplicant[1229]: wlp1s0: CTRL-EVENT-SIGNAL-CHANGE above=1 signal=-65 noise=-95 txrate=135000
2025-05-11T14:08:38.226933+05:30 NBRUHHQ100 wpa_supplicant[1229]: wlp1s0: CTRL-EVENT-SIGNAL-CHANGE above=0 signal=-78 noise=-95 txrate=150000
2025-05-11T14:08:41.706563+05:30 NBRUHHQ100 wpa_supplicant[1229]: wlp1s0: CTRL-EVENT-SIGNAL-CHANGE above=1 signal=-71 noise=-95 txrate=1000
2025-05-11T14:08:45.189909+05:30 NBRUHHQ100 wpa_supplicant[1229]: wlp1s0: CTRL-EVENT-SIGNAL-CHANGE above=0 signal=-76 noise=-95 txrate=135000
2025-05-11T14:08:49.194165+05:30 NBRUHHQ100 wpa_supplicant[1229]: wlp1s0: CTRL-EVENT-SIGNAL-CHANGE above=1 signal=-63 noise=-95 txrate=1000
2025-05-11T14:08:56.560105+05:30 NBRUHHQ100 wpa_supplicant[1229]: wlp1s0: CTRL-EVENT-SIGNAL-CHANGE above=0 signal=-73 noise=-95 txrate=135000
2025-05-11T14:09:00.410049+05:30 NBRUHHQ100 wpa_supplicant[1229]: wlp1s0: CTRL-EVENT-SIGNAL-CHANGE above=1 signal=-63 noise=-95 txrate=1000
2025-05-11T14:09:01.472542+05:30 NBRUHHQ100 wpa_supplicant[1229]: wlp1s0: CTRL-EVENT-SIGNAL-CHANGE above=1 signal=-61 noise=-95 txrate=120000
2025-05-11T14:09:40.997754+05:30 NBRUHHQ100 wpa_supplicant[1229]: wlp1s0: CTRL-EVENT-SIGNAL-CHANGE above=0 signal=-76 noise=-95 txrate=135000
2025-05-11T14:09:56.561366+05:30 NBRUHHQ100 wpa_supplicant[1229]: wlp1s0: CTRL-EVENT-SIGNAL-CHANGE above=1 signal=-64 noise=-95 txrate=150000
2025-05-11T14:09:58.302214+05:30 NBRUHHQ100 wpa_supplicant[1229]: wlp1s0: CTRL-EVENT-SIGNAL-CHANGE above=0 signal=-76 noise=-95 txrate=150000
2025-05-11T14:10:03.729853+05:30 NBRUHHQ100 wpa_supplicant[1229]: wlp1s0: CTRL-EVENT-SIGNAL-CHANGE above=0 signal=-84 noise=-95 txrate=120000
2025-05-11T14:10:09.568419+05:30 NBRUHHQ100 systemd[1]: Starting sysstat-collect.service - system activity accounting tool...
2025-05-11T14:10:09.621172+05:30 NBRUHHQ100 systemd[1]: sysstat-collect.service: Deactivated successfully.
2025-05-11T14:10:09.621532+05:30 NBRUHHQ100 systemd[1]: Finished sysstat-collect.service - system activity accounting tool.
2025-05-11T14:10:21.239710+05:30 NBRUHHQ100 wpa_supplicant[1229]: wlp1s0: CTRL-EVENT-SIGNAL-CHANGE above=1 signal=-68 noise=-95 txrate=135000
2025-05-11T14:10:27.895447+05:30 NBRUHHQ100 wpa_supplicant[1229]: wlp1s0: CTRL-EVENT-SIGNAL-CHANGE above=0 signal=-76 noise=-95 txrate=121500
2025-05-11T14:10:31.342082+05:30 NBRUHHQ100 wpa_supplicant[1229]: wlp1s0: CTRL-EVENT-SIGNAL-CHANGE above=0 signal=-72 noise=-95 txrate=1000
2025-05-11T14:10:35.370897+05:30 NBRUHHQ100 wpa_supplicant[1229]: wlp1s0: CTRL-EVENT-SIGNAL-CHANGE above=0 signal=-84 noise=-95 txrate=135000
2025-05-11T14:10:40.183516+05:30 NBRUHHQ100 wpa_supplicant[1229]: wlp1s0: CTRL-EVENT-SIGNAL-CHANGE above=1 signal=-67 noise=-95 txrate=150000
2025-05-11T14:10:42.143178+05:30 NBRUHHQ100 rtkit-daemon[1669]: Supervising 1 threads of 1 processes of 1 users.
2025-05-11T14:10:42.145497+05:30 NBRUHHQ100 rtkit-daemon[1669]: Supervising 1 threads of 1 processes of 1 users.
2025-05-11T14:10:53.084703+05:30 NBRUHHQ100 wpa_supplicant[1229]: wlp1s0: CTRL-EVENT-SIGNAL-CHANGE above=0 signal=-80 noise=-95 txrate=135000
2025-05-11T14:10:59.843577+05:30 NBRUHHQ100 wpa_supplicant[1229]: wlp1s0: CTRL-EVENT-SIGNAL-CHANGE above=1 signal=-68 noise=-95 txrate=150000
2025-05-11T14:11:02.505415+05:30 NBRUHHQ100 wpa_supplicant[1229]: wlp1s0: CTRL-EVENT-SIGNAL-CHANGE above=0 signal=-76 noise=-95 txrate=135000
2025-05-11T14:11:05.941618+05:30 NBRUHHQ100 wpa_supplicant[1229]: wlp1s0: CTRL-EVENT-SIGNAL-CHANGE above=1 signal=-70 noise=-95 txrate=1000
2025-05-11T14:11:09.776106+05:30 NBRUHHQ100 wpa_supplicant[1229]: wlp1s0: CTRL-EVENT-SIGNAL-CHANGE above=0 signal=-79 noise=-95 txrate=121500
2025-05-11T14:11:14.282717+05:30 NBRUHHQ100 wpa_supplicant[1229]: wlp1s0: CTRL-EVENT-SIGNAL-CHANGE above=1 signal=-67 noise=-95 txrate=120000
2025-05-11T14:11:18.070795+05:30 NBRUHHQ100 wpa_supplicant[1229]: wlp1s0: CTRL-EVENT-SIGNAL-CHANGE above=0 signal=-80 noise=-95 txrate=135000
2025-05-11T14:11:21.547945+05:30 NBRUHHQ100 wpa_supplicant[1229]: wlp1s0: CTRL-EVENT-SIGNAL-CHANGE above=1 signal=-70 noise=-95 txrate=1000
2025-05-11T14:12:08.450176+05:30 NBRUHHQ100 wpa_supplicant[1229]: wlp1s0: CTRL-EVENT-SIGNAL-CHANGE above=0 signal=-81 noise=-95 txrate=108000
2025-05-11T14:12:11.901212+05:30 NBRUHHQ100 wpa_supplicant[1229]: wlp1s0: CTRL-EVENT-SIGNAL-CHANGE above=0 signal=-70 noise=-95 txrate=1000
2025-05-11T14:12:12.033888+05:30 NBRUHHQ100 wpa_supplicant[1229]: wlp1s0: CTRL-EVENT-SIGNAL-CHANGE above=1 signal=-68 noise=-95 txrate=1000
2025-05-11T14:12:19.817098+05:30 NBRUHHQ100 wpa_supplicant[1229]: wlp1s0: CTRL-EVENT-SIGNAL-CHANGE above=0 signal=-78 noise=-95 txrate=121500
2025-05-11T14:12:23.360711+05:30 NBRUHHQ100 wpa_supplicant[1229]: wlp1s0: CTRL-EVENT-SIGNAL-CHANGE above=1 signal=-76 noise=-95 txrate=1000
2025-05-11T14:12:26.062148+05:30 NBRUHHQ100 wpa_supplicant[1229]: wlp1s0: CTRL-EVENT-SIGNAL-CHANGE above=0 signal=-81 noise=-95 txrate=135000
2025-05-11T14:12:29.519541+05:30 NBRUHHQ100 wpa_supplicant[1229]: wlp1s0: CTRL-EVENT-SIGNAL-CHANGE above=1 signal=-70 noise=-95 txrate=1000
2025-05-11T14:12:37.428887+05:30 NBRUHHQ100 wpa_supplicant[1229]: wlp1s0: CTRL-EVENT-SIGNAL-CHANGE above=0 signal=-76 noise=-95 txrate=135000
2025-05-11T14:12:41.320268+05:30 NBRUHHQ100 wpa_supplicant[1229]: wlp1s0: CTRL-EVENT-SIGNAL-CHANGE above=1 signal=-66 noise=-95 txrate=90000
2025-05-11T14:12:42.432070+05:30 NBRUHHQ100 rtkit-daemon[1669]: Supervising 1 threads of 1 processes of 1 users.
2025-05-11T14:12:42.432739+05:30 NBRUHHQ100 rtkit-daemon[1669]: Supervising 1 threads of 1 processes of 1 users.
2025-05-11T14:12:44.187087+05:30 NBRUHHQ100 wpa_supplicant[1229]: wlp1s0: CTRL-EVENT-SIGNAL-CHANGE above=0 signal=-75 noise=-95 txrate=120000
2025-05-11T14:12:47.634052+05:30 NBRUHHQ100 wpa_supplicant[1229]: wlp1s0: CTRL-EVENT-SIGNAL-CHANGE above=1 signal=-70 noise=-95 txrate=1000
2025-05-11T14:12:51.970197+05:30 NBRUHHQ100 wpa_supplicant[1229]: wlp1s0: CTRL-EVENT-SIGNAL-CHANGE above=0 signal=-80 noise=-95 txrate=121500
2025-05-11T14:12:59.444111+05:30 NBRUHHQ100 wpa_supplicant[1229]: wlp1s0: CTRL-EVENT-SIGNAL-CHANGE above=1 signal=-63 noise=-95 txrate=90000
2025-05-11T14:13:01.697618+05:30 NBRUHHQ100 wpa_supplicant[1229]: wlp1s0: CTRL-EVENT-SIGNAL-CHANGE above=0 signal=-79 noise=-95 txrate=135000
2025-05-11T14:13:05.280895+05:30 NBRUHHQ100 wpa_supplicant[1229]: wlp1s0: CTRL-EVENT-SIGNAL-CHANGE above=1 signal=-68 noise=-95 txrate=1000
2025-05-11T14:13:09.888943+05:30 NBRUHHQ100 wpa_supplicant[1229]: wlp1s0: CTRL-EVENT-SIGNAL-CHANGE above=0 signal=-77 noise=-95 txrate=135000
2025-05-11T14:13:20.747152+05:30 NBRUHHQ100 wpa_supplicant[1229]: wlp1s0: CTRL-EVENT-SIGNAL-CHANGE above=1 signal=-69 noise=-95 txrate=120000
2025-05-11T14:13:22.382875+05:30 NBRUHHQ100 rtkit-daemon[1669]: Supervising 1 threads of 1 processes of 1 users.
2025-05-11T14:13:22.383215+05:30 NBRUHHQ100 rtkit-daemon[1669]: Supervising 1 threads of 1 processes of 1 users.
2025-05-11T14:13:42.349610+05:30 NBRUHHQ100 wpa_supplicant[1229]: wlp1s0: CTRL-EVENT-SIGNAL-CHANGE above=0 signal=-79 noise=-95 txrate=135000
2025-05-11T14:13:49.108050+05:30 NBRUHHQ100 wpa_supplicant[1229]: wlp1s0: CTRL-EVENT-SIGNAL-CHANGE above=0 signal=-83 noise=-95 txrate=135000
2025-05-11T14:14:00.985847+05:30 NBRUHHQ100 wpa_supplicant[1229]: wlp1s0: CTRL-EVENT-SIGNAL-CHANGE above=1 signal=-68 noise=-95 txrate=150000
2025-05-11T14:14:13.273439+05:30 NBRUHHQ100 wpa_supplicant[1229]: wlp1s0: CTRL-EVENT-SIGNAL-CHANGE above=0 signal=-77 noise=-95 txrate=65000
2025-05-11T14:14:18.188598+05:30 NBRUHHQ100 wpa_supplicant[1229]: wlp1s0: CTRL-EVENT-SIGNAL-CHANGE above=1 signal=-67 noise=-95 txrate=135000
2025-05-11T14:14:20.040482+05:30 NBRUHHQ100 wpa_supplicant[1229]: wlp1s0: CTRL-EVENT-SIGNAL-CHANGE above=0 signal=-76 noise=-95 txrate=150000
2025-05-11T14:14:30.272348+05:30 NBRUHHQ100 wpa_supplicant[1229]: wlp1s0: CTRL-EVENT-SIGNAL-CHANGE above=0 signal=-85 noise=-95 txrate=121500
2025-05-11T14:14:36.724389+05:30 NBRUHHQ100 wpa_supplicant[1229]: wlp1s0: CTRL-EVENT-SIGNAL-CHANGE above=1 signal=-68 noise=-95 txrate=45000
2025-05-11T14:14:38.158546+05:30 NBRUHHQ100 wpa_supplicant[1229]: wlp1s0: CTRL-EVENT-SIGNAL-CHANGE above=0 signal=-79 noise=-95 txrate=45000
2025-05-11T14:14:45.019603+05:30 NBRUHHQ100 wpa_supplicant[1229]: wlp1s0: CTRL-EVENT-SIGNAL-CHANGE above=0 signal=-84 noise=-95 txrate=150000
2025-05-11T14:15:01.924552+05:30 NBRUHHQ100 CRON[122455]: (root) CMD (command -v debian-sa1 > /dev/null && debian-sa1 1 1)
2025-05-11T14:15:17.995437+05:30 NBRUHHQ100 wpa_supplicant[1229]: wlp1s0: CTRL-EVENT-SIGNAL-CHANGE above=1 signal=-67 noise=-95 txrate=135000
2025-05-11T14:15:18.916788+05:30 NBRUHHQ100 wpa_supplicant[1229]: wlp1s0: CTRL-EVENT-SIGNAL-CHANGE above=0 signal=-77 noise=-95 txrate=150000
2025-05-11T14:15:22.361060+05:30 NBRUHHQ100 wpa_supplicant[1229]: wlp1s0: CTRL-EVENT-SIGNAL-CHANGE above=1 signal=-71 noise=-95 txrate=1000
2025-05-11T14:15:30.864103+05:30 NBRUHHQ100 rtkit-daemon[1669]: Supervising 1 threads of 1 processes of 1 users.
2025-05-11T14:15:30.864444+05:30 NBRUHHQ100 rtkit-daemon[1669]: Supervising 1 threads of 1 processes of 1 users.
2025-05-11T14:15:33.663332+05:30 NBRUHHQ100 wpa_supplicant[1229]: wlp1s0: CTRL-EVENT-SIGNAL-CHANGE above=0 signal=-76 noise=-95 txrate=150000
2025-05-11T14:15:37.213595+05:30 NBRUHHQ100 wpa_supplicant[1229]: wlp1s0: CTRL-EVENT-SIGNAL-CHANGE above=1 signal=-76 noise=-95 txrate=1000
2025-05-11T14:15:39.911370+05:30 NBRUHHQ100 wpa_supplicant[1229]: wlp1s0: CTRL-EVENT-SIGNAL-CHANGE above=0 signal=-81 noise=-95 txrate=60000
2025-05-11T14:15:43.461547+05:30 NBRUHHQ100 wpa_supplicant[1229]: wlp1s0: CTRL-EVENT-SIGNAL-CHANGE above=1 signal=-67 noise=-95 txrate=1000
2025-05-11T14:15:45.952753+05:30 NBRUHHQ100 wpa_supplicant[1229]: wlp1s0: CTRL-EVENT-SIGNAL-CHANGE above=0 signal=-81 noise=-95 txrate=135000
2025-05-11T14:15:49.496990+05:30 NBRUHHQ100 wpa_supplicant[1229]: wlp1s0: CTRL-EVENT-SIGNAL-CHANGE above=0 signal=-75 noise=-95 txrate=1000
2025-05-11T14:15:58.139446+05:30 NBRUHHQ100 wpa_supplicant[1229]: wlp1s0: CTRL-EVENT-SIGNAL-CHANGE above=0 signal=-80 noise=-95 txrate=135000
2025-05-11T14:16:14.319918+05:30 NBRUHHQ100 wpa_supplicant[1229]: wlp1s0: CTRL-EVENT-SIGNAL-CHANGE above=1 signal=-66 noise=-95 txrate=120000
2025-05-11T14:16:16.063882+05:30 NBRUHHQ100 wpa_supplicant[1229]: wlp1s0: CTRL-EVENT-SIGNAL-CHANGE above=0 signal=-80 noise=-95 txrate=135000
2025-05-11T14:16:32.548117+05:30 NBRUHHQ100 wpa_supplicant[1229]: wlp1s0: CTRL-EVENT-SIGNAL-CHANGE above=0 signal=-84 noise=-95 txrate=150000
2025-05-11T14:16:48.370277+05:30 NBRUHHQ100 rtkit-daemon[1669]: Supervising 1 threads of 1 processes of 1 users.
2025-05-11T14:16:48.370619+05:30 NBRUHHQ100 rtkit-daemon[1669]: Supervising 1 threads of 1 processes of 1 users.
2025-05-11T14:17:01.936317+05:30 NBRUHHQ100 CRON[122591]: (root) CMD (cd / && run-parts --report /etc/cron.hourly)
2025-05-11T14:17:29.280927+05:30 NBRUHHQ100 wpa_supplicant[1229]: wlp1s0: CTRL-EVENT-SIGNAL-CHANGE above=1 signal=-66 noise=-95 txrate=121500
2025-05-11T14:17:31.738432+05:30 NBRUHHQ100 wpa_supplicant[1229]: wlp1s0: CTRL-EVENT-SIGNAL-CHANGE above=0 signal=-78 noise=-95 txrate=135000
2025-05-11T14:17:38.190208+05:30 NBRUHHQ100 wpa_supplicant[1229]: wlp1s0: CTRL-EVENT-SIGNAL-CHANGE above=0 signal=-82 noise=-95 txrate=135000
2025-05-11T14:18:17.820821+05:30 NBRUHHQ100 wpa_supplicant[1229]: wlp1s0: CTRL-EVENT-SIGNAL-CHANGE above=1 signal=-67 noise=-95 txrate=39000
2025-05-11T14:18:19.766985+05:30 NBRUHHQ100 wpa_supplicant[1229]: wlp1s0: CTRL-EVENT-SIGNAL-CHANGE above=0 signal=-78 noise=-95 txrate=39000
2025-05-11T14:18:23.211646+05:30 NBRUHHQ100 wpa_supplicant[1229]: wlp1s0: CTRL-EVENT-SIGNAL-CHANGE above=0 signal=-66 noise=-95 txrate=1000
2025-05-11T14:18:56.692589+05:30 NBRUHHQ100 wpa_supplicant[1229]: wlp1s0: CTRL-EVENT-SIGNAL-CHANGE above=1 signal=-73 noise=-95 txrate=1000
2025-05-11T14:19:15.004169+05:30 NBRUHHQ100 rtkit-daemon[1669]: Supervising 1 threads of 1 processes of 1 users.
2025-05-11T14:19:15.005429+05:30 NBRUHHQ100 rtkit-daemon[1669]: Supervising 1 threads of 1 processes of 1 users.
2025-05-11T14:19:17.521951+05:30 NBRUHHQ100 wpa_supplicant[1229]: wlp1s0: CTRL-EVENT-SIGNAL-CHANGE above=1 signal=-64 noise=-95 txrate=54000
2025-05-11T14:19:22.234006+05:30 NBRUHHQ100 wpa_supplicant[1229]: wlp1s0: CTRL-EVENT-SIGNAL-CHANGE above=0 signal=-75 noise=-95 txrate=135000
2025-05-11T14:19:29.913052+05:30 NBRUHHQ100 wpa_supplicant[1229]: wlp1s0: CTRL-EVENT-SIGNAL-CHANGE above=1 signal=-65 noise=-95 txrate=108000
2025-05-11T14:19:31.038867+05:30 NBRUHHQ100 wpa_supplicant[1229]: wlp1s0: CTRL-EVENT-SIGNAL-CHANGE above=0 signal=-75 noise=-95 txrate=108000
2025-05-11T14:19:49.676126+05:30 NBRUHHQ100 wpa_supplicant[1229]: wlp1s0: CTRL-EVENT-SIGNAL-CHANGE above=1 signal=-66 noise=-95 txrate=135000
2025-05-11T14:19:51.008126+05:30 NBRUHHQ100 wpa_supplicant[1229]: wlp1s0: CTRL-EVENT-SIGNAL-CHANGE above=0 signal=-72 noise=-95 txrate=150000
2025-05-11T14:20:06.265710+05:30 NBRUHHQ100 wpa_supplicant[1229]: wlp1s0: CTRL-EVENT-SIGNAL-CHANGE above=0 signal=-80 noise=-95 txrate=121500
2025-05-11T14:20:07.065052+05:30 NBRUHHQ100 systemd[1]: Starting sysstat-collect.service - system activity accounting tool...
2025-05-11T14:20:07.108092+05:30 NBRUHHQ100 systemd[1]: sysstat-collect.service: Deactivated successfully.
2025-05-11T14:20:07.108511+05:30 NBRUHHQ100 systemd[1]: Finished sysstat-collect.service - system activity accounting tool.
2025-05-11T14:20:09.755150+05:30 NBRUHHQ100 wpa_supplicant[1229]: wlp1s0: CTRL-EVENT-SIGNAL-CHANGE above=1 signal=-70 noise=-95 txrate=1000
2025-05-11T14:20:13.537415+05:30 NBRUHHQ100 wpa_supplicant[1229]: wlp1s0: CTRL-EVENT-SIGNAL-CHANGE above=0 signal=-79 noise=-95 txrate=135000
2025-05-11T14:20:19.169061+05:30 NBRUHHQ100 wpa_supplicant[1229]: wlp1s0: CTRL-EVENT-SIGNAL-CHANGE above=1 signal=-65 noise=-95 txrate=150000
2025-05-11T14:20:20.295530+05:30 NBRUHHQ100 wpa_supplicant[1229]: wlp1s0: CTRL-EVENT-SIGNAL-CHANGE above=0 signal=-74 noise=-95 txrate=150000
2025-05-11T14:20:23.886732+05:30 NBRUHHQ100 wpa_supplicant[1229]: wlp1s0: CTRL-EVENT-SIGNAL-CHANGE above=0 signal=-72 noise=-95 txrate=1000
2025-05-11T14:20:25.518347+05:30 NBRUHHQ100 wpa_supplicant[1229]: wlp1s0: CTRL-EVENT-SIGNAL-CHANGE above=1 signal=-69 noise=-95 txrate=135000
